Determining if the pthread_create exist failed with the following output:
Change Dir: /home/arun/astrotypes/build/CMakeFiles/CMakeTmp

Run Build Command:"/usr/bin/gmake" "cmTC_054bb/fast"
/usr/bin/gmake -f CMakeFiles/cmTC_054bb.dir/build.make CMakeFiles/cmTC_054bb.dir/build
gmake[1]: Entering directory '/home/arun/astrotypes/build/CMakeFiles/CMakeTmp'
Building C object CMakeFiles/cmTC_054bb.dir/CheckSymbolExists.c.o
/usr/bin/cc    -o CMakeFiles/cmTC_054bb.dir/CheckSymbolExists.c.o   -c /home/arun/astrotypes/build/CMakeFiles/CMakeTmp/CheckSymbolExists.c
Linking C executable cmTC_054bb
/usr/bin/cmake -E cmake_link_script CMakeFiles/cmTC_054bb.dir/link.txt --verbose=1
/usr/bin/cc      -rdynamic CMakeFiles/cmTC_054bb.dir/CheckSymbolExists.c.o  -o cmTC_054bb 
CMakeFiles/cmTC_054bb.dir/CheckSymbolExists.c.o: In function `main':
CheckSymbolExists.c:(.text+0x16): undefined reference to `pthread_create'
collect2: error: ld returned 1 exit status
CMakeFiles/cmTC_054bb.dir/build.make:97: recipe for target 'cmTC_054bb' failed
gmake[1]: *** [cmTC_054bb] Error 1
gmake[1]: Leaving directory '/home/arun/astrotypes/build/CMakeFiles/CMakeTmp'
Makefile:126: recipe for target 'cmTC_054bb/fast' failed
gmake: *** [cmTC_054bb/fast] Error 2

File /home/arun/astrotypes/build/CMakeFiles/CMakeTmp/CheckSymbolExists.c:
/* */
#include <pthread.h>

int main(int argc, char** argv)
{
  (void)argv;
#ifndef pthread_create
  return ((int*)(&pthread_create))[argc];
#else
  (void)argc;
  return 0;
#endif
}

